{"name":"hexo","hostname":"USER-ROOSI7T2RO","pid":9028,"level":20,"msg":"Writing database to D:\\Blog/db.json","time":"2019-12-20T17:03:16.365Z","v":0}
{"name":"hexo","hostname":"USER-ROOSI7T2RO","pid":9028,"level":20,"msg":"Hexo version: 3.8.0","time":"2019-12-20T17:03:16.397Z","v":0}
{"name":"hexo","hostname":"USER-ROOSI7T2RO","pid":9028,"level":20,"msg":"Working directory: D:\\Blog\\","time":"2019-12-20T17:03:16.397Z","v":0}
{"name":"hexo","hostname":"USER-ROOSI7T2RO","pid":9028,"level":20,"msg":"Config loaded: D:\\Blog\\_config.yml","time":"2019-12-20T17:03:16.665Z","v":0}
{"name":"hexo","hostname":"USER-ROOSI7T2RO","pid":9028,"level":20,"msg":"Plugin loaded: hexo-deployer-git","time":"2019-12-20T17:03:16.878Z","v":0}
{"name":"hexo","hostname":"USER-ROOSI7T2RO","pid":9028,"level":20,"msg":"Plugin loaded: hexo-generator-archive","time":"2019-12-20T17:03:16.887Z","v":0}
{"name":"hexo","hostname":"USER-ROOSI7T2RO","pid":9028,"level":20,"msg":"Plugin loaded: hexo-generator-category","time":"2019-12-20T17:03:16.891Z","v":0}
{"name":"hexo","hostname":"USER-ROOSI7T2RO","pid":9028,"level":20,"msg":"Plugin loaded: hexo-generator-index","time":"2019-12-20T17:03:16.900Z","v":0}
{"name":"hexo","hostname":"USER-ROOSI7T2RO","pid":9028,"level":20,"msg":"Plugin loaded: hexo-generator-tag","time":"2019-12-20T17:03:16.905Z","v":0}
{"name":"hexo","hostname":"USER-ROOSI7T2RO","pid":9028,"level":20,"msg":"Plugin loaded: hexo-renderer-ejs","time":"2019-12-20T17:03:16.914Z","v":0}
{"name":"hexo","hostname":"USER-ROOSI7T2RO","pid":9028,"level":20,"msg":"Plugin loaded: hexo-renderer-marked","time":"2019-12-20T17:03:16.927Z","v":0}
{"name":"hexo","hostname":"USER-ROOSI7T2RO","pid":9028,"level":20,"msg":"Plugin loaded: hexo-renderer-stylus","time":"2019-12-20T17:03:16.930Z","v":0}
{"name":"hexo","hostname":"USER-ROOSI7T2RO","pid":9028,"level":20,"msg":"Plugin loaded: hexo-server","time":"2019-12-20T17:03:17.092Z","v":0}
{"name":"hexo","hostname":"USER-ROOSI7T2RO","pid":9028,"level":20,"msg":"Loading database.","time":"2019-12-20T17:03:17.108Z","v":0}
{"name":"hexo","hostname":"USER-ROOSI7T2RO","pid":9028,"level":30,"msg":"Start processing","time":"2019-12-20T17:03:17.476Z","v":0}
{"name":"hexo","hostname":"USER-ROOSI7T2RO","pid":9028,"level":20,"msg":"Processed: debug.log","time":"2019-12-20T17:03:17.537Z","v":0}
{"name":"hexo","hostname":"USER-ROOSI7T2RO","pid":9028,"level":20,"msg":"Processed: CNAME","time":"2019-12-20T17:03:17.549Z","v":0}
{"name":"hexo","hostname":"USER-ROOSI7T2RO","pid":9028,"level":20,"msg":"Processed: _drafts/deiban9开启bbr的方法.md","time":"2019-12-20T17:03:17.617Z","v":0}
{"name":"hexo","hostname":"USER-ROOSI7T2RO","pid":9028,"level":20,"msg":"Processed: _drafts/git解决中文名字乱码.md","time":"2019-12-20T17:03:17.617Z","v":0}
{"name":"hexo","hostname":"USER-ROOSI7T2RO","pid":9028,"level":20,"msg":"Processed: _drafts/hexo学习.md","time":"2019-12-20T17:03:17.617Z","v":0}
{"name":"hexo","hostname":"USER-ROOSI7T2RO","pid":9028,"level":20,"msg":"Processed: _drafts/iptables防火墙.md","time":"2019-12-20T17:03:17.617Z","v":0}
{"name":"hexo","hostname":"USER-ROOSI7T2RO","pid":9028,"level":20,"msg":"Processed: _drafts/gulp4.0项目流程.md","time":"2019-12-20T17:03:17.617Z","v":0}
{"name":"hexo","hostname":"USER-ROOSI7T2RO","pid":9028,"level":20,"msg":"Processed: _drafts/js对象.md","time":"2019-12-20T17:03:17.617Z","v":0}
{"name":"hexo","hostname":"USER-ROOSI7T2RO","pid":9028,"level":20,"msg":"Processed: _drafts/linux帐号管理.md","time":"2019-12-20T17:03:17.618Z","v":0}
{"name":"hexo","hostname":"USER-ROOSI7T2RO","pid":9028,"level":20,"msg":"Processed: _drafts/js数组.md","time":"2019-12-20T17:03:17.618Z","v":0}
{"name":"hexo","hostname":"USER-ROOSI7T2RO","pid":9028,"level":20,"msg":"Processed: _drafts/ssr搭建.md","time":"2019-12-20T17:03:17.618Z","v":0}
{"name":"hexo","hostname":"USER-ROOSI7T2RO","pid":9028,"level":20,"msg":"Processed: _drafts/v2ray搭建.md","time":"2019-12-20T17:03:17.618Z","v":0}
{"name":"hexo","hostname":"USER-ROOSI7T2RO","pid":9028,"level":20,"msg":"Processed: _drafts/v2ray搭建ss[修正].md","time":"2019-12-20T17:03:17.618Z","v":0}
{"name":"hexo","hostname":"USER-ROOSI7T2RO","pid":9028,"level":20,"msg":"Processed: _drafts/使用lnmp安装web服务器环境.md","time":"2019-12-20T17:03:17.618Z","v":0}
{"name":"hexo","hostname":"USER-ROOSI7T2RO","pid":9028,"level":20,"msg":"Processed: _drafts/使用hexo在github上搭建博客.md","time":"2019-12-20T17:03:17.618Z","v":0}
{"name":"hexo","hostname":"USER-ROOSI7T2RO","pid":9028,"level":20,"msg":"Processed: _drafts/freecode.md","time":"2019-12-20T17:03:17.618Z","v":0}
{"name":"hexo","hostname":"USER-ROOSI7T2RO","pid":9028,"level":20,"msg":"Processed: _drafts/科学上网科普.md","time":"2019-12-20T17:03:17.619Z","v":0}
{"name":"hexo","hostname":"USER-ROOSI7T2RO","pid":9028,"level":20,"msg":"Processed: _drafts/使用lnmp后，免费ssl安装与全站https跳转.md","time":"2019-12-20T17:03:17.619Z","v":0}
{"name":"hexo","hostname":"USER-ROOSI7T2RO","pid":9028,"level":20,"msg":"Processed: _drafts/使用php5配合nginx与sqlite3配置web环境.md","time":"2019-12-20T17:03:17.619Z","v":0}
{"name":"hexo","hostname":"USER-ROOSI7T2RO","pid":9028,"level":20,"msg":"Processed: _posts/Donld-s-First-Camping-Trip1.md","time":"2019-12-20T17:03:17.619Z","v":0}
{"name":"hexo","hostname":"USER-ROOSI7T2RO","pid":9028,"level":20,"msg":"Processed: _posts/Donld-s-First-Camping-Trip2.md","time":"2019-12-20T17:03:17.619Z","v":0}
{"name":"hexo","hostname":"USER-ROOSI7T2RO","pid":9028,"level":20,"msg":"Processed: _posts/使用hexo在github上搭建博客.md","time":"2019-12-20T17:03:17.619Z","v":0}
{"name":"hexo","hostname":"USER-ROOSI7T2RO","pid":9028,"level":20,"msg":"Processed: essay/index.md","time":"2019-12-20T17:03:17.619Z","v":0}
{"name":"hexo","hostname":"USER-ROOSI7T2RO","pid":9028,"level":20,"msg":"Processed: link/index.md","time":"2019-12-20T17:03:17.620Z","v":0}
{"name":"hexo","hostname":"USER-ROOSI7T2RO","pid":9028,"level":20,"msg":"Processed: notes/index.md","time":"2019-12-20T17:03:17.620Z","v":0}
{"name":"hexo","hostname":"USER-ROOSI7T2RO","pid":9028,"level":20,"msg":"Processed: notes-bootstrap3/index.md","time":"2019-12-20T17:03:17.620Z","v":0}
{"name":"hexo","hostname":"USER-ROOSI7T2RO","pid":9028,"level":20,"msg":"Processed: notes-css/index.md","time":"2019-12-20T17:03:17.620Z","v":0}
{"name":"hexo","hostname":"USER-ROOSI7T2RO","pid":9028,"level":20,"msg":"Processed: notes-git/index.md","time":"2019-12-20T17:03:17.620Z","v":0}
{"name":"hexo","hostname":"USER-ROOSI7T2RO","pid":9028,"level":20,"msg":"Processed: notes-gulp/index.md","time":"2019-12-20T17:03:17.620Z","v":0}
{"name":"hexo","hostname":"USER-ROOSI7T2RO","pid":9028,"level":20,"msg":"Processed: notes-hexo/index.md","time":"2019-12-20T17:03:17.620Z","v":0}
{"name":"hexo","hostname":"USER-ROOSI7T2RO","pid":9028,"level":20,"msg":"Processed: notes-html/index.md","time":"2019-12-20T17:03:17.620Z","v":0}
{"name":"hexo","hostname":"USER-ROOSI7T2RO","pid":9028,"level":20,"msg":"Processed: notes-jq/index.md","time":"2019-12-20T17:03:17.621Z","v":0}
{"name":"hexo","hostname":"USER-ROOSI7T2RO","pid":9028,"level":20,"msg":"Processed: notes-js/index.md","time":"2019-12-20T17:03:17.621Z","v":0}
{"name":"hexo","hostname":"USER-ROOSI7T2RO","pid":9028,"level":20,"msg":"Processed: notes-js/js基础知识.md","time":"2019-12-20T17:03:17.621Z","v":0}
{"name":"hexo","hostname":"USER-ROOSI7T2RO","pid":9028,"level":20,"msg":"Processed: notes-layout/index.md","time":"2019-12-20T17:03:17.621Z","v":0}
{"name":"hexo","hostname":"USER-ROOSI7T2RO","pid":9028,"level":20,"msg":"Processed: notes-less/index.md","time":"2019-12-20T17:03:17.621Z","v":0}
{"name":"hexo","hostname":"USER-ROOSI7T2RO","pid":9028,"level":20,"msg":"Processed: notes-linux/index.md","time":"2019-12-20T17:03:17.641Z","v":0}
{"name":"hexo","hostname":"USER-ROOSI7T2RO","pid":9028,"level":20,"msg":"Processed: notes-markdown/index.md","time":"2019-12-20T17:03:17.641Z","v":0}
{"name":"hexo","hostname":"USER-ROOSI7T2RO","pid":9028,"level":20,"msg":"Processed: notes-mysql/index.md","time":"2019-12-20T17:03:17.641Z","v":0}
{"name":"hexo","hostname":"USER-ROOSI7T2RO","pid":9028,"level":20,"msg":"Processed: notes-nodejs/index.md","time":"2019-12-20T17:03:17.641Z","v":0}
{"name":"hexo","hostname":"USER-ROOSI7T2RO","pid":9028,"level":20,"msg":"Processed: notes-php/index.md","time":"2019-12-20T17:03:17.641Z","v":0}
{"name":"hexo","hostname":"USER-ROOSI7T2RO","pid":9028,"level":20,"msg":"Processed: notes-sass/index.md","time":"2019-12-20T17:03:17.642Z","v":0}
{"name":"hexo","hostname":"USER-ROOSI7T2RO","pid":9028,"level":20,"msg":"Processed: notes-typecho/index.md","time":"2019-12-20T17:03:17.642Z","v":0}
{"name":"hexo","hostname":"USER-ROOSI7T2RO","pid":9028,"level":20,"msg":"Processed: tags/index.md","time":"2019-12-20T17:03:17.642Z","v":0}
{"name":"hexo","hostname":"USER-ROOSI7T2RO","pid":9028,"level":20,"msg":"Processed: notes-vim/index.md","time":"2019-12-20T17:03:17.642Z","v":0}
{"name":"hexo","hostname":"USER-ROOSI7T2RO","pid":9028,"level":20,"msg":"Processed: _drafts/css/wordspacing和letter-spacing的区别.md","time":"2019-12-20T17:03:17.642Z","v":0}
{"name":"hexo","hostname":"USER-ROOSI7T2RO","pid":9028,"level":20,"msg":"Processed: _drafts/code/分割数组.html","time":"2019-12-20T17:03:17.663Z","v":0}
{"name":"hexo","hostname":"USER-ROOSI7T2RO","pid":9028,"level":20,"msg":"Processed: _drafts/code/字符串的结束与指定相同.html","time":"2019-12-20T17:03:17.663Z","v":0}
{"name":"hexo","hostname":"USER-ROOSI7T2RO","pid":9028,"level":20,"msg":"Processed: _drafts/code/截断字符串.html","time":"2019-12-20T17:03:17.663Z","v":0}
{"name":"hexo","hostname":"USER-ROOSI7T2RO","pid":9028,"level":20,"msg":"Processed: _drafts/code/蛤蟆吃队友.html","time":"2019-12-20T17:03:17.664Z","v":0}
{"name":"hexo","hostname":"USER-ROOSI7T2RO","pid":9028,"level":20,"msg":"Processed: _drafts/code/字符串重复指定次数.html","time":"2019-12-20T17:03:17.664Z","v":0}
{"name":"hexo","hostname":"USER-ROOSI7T2RO","pid":9028,"level":20,"msg":"Processed: _drafts/code/取剩下的数组.html","time":"2019-12-20T17:03:17.664Z","v":0}
{"name":"hexo","hostname":"USER-ROOSI7T2RO","pid":9028,"level":20,"msg":"Processed: _drafts/jquery/判断数据类型.md","time":"2019-12-20T17:03:17.664Z","v":0}
{"name":"hexo","hostname":"USER-ROOSI7T2RO","pid":9028,"level":20,"msg":"Processed: _drafts/jquery/十进制固定小数位数.md","time":"2019-12-20T17:03:17.664Z","v":0}
{"name":"hexo","hostname":"USER-ROOSI7T2RO","pid":9028,"level":20,"msg":"Processed: _drafts/jquery/字符串.md","time":"2019-12-20T17:03:17.664Z","v":0}
{"name":"hexo","hostname":"USER-ROOSI7T2RO","pid":9028,"level":20,"msg":"Processed: _drafts/jquery/双等号与三等号的区别.md","time":"2019-12-20T17:03:17.665Z","v":0}
{"name":"hexo","hostname":"USER-ROOSI7T2RO","pid":9028,"level":20,"msg":"Processed: _drafts/jquery/数据类型.md","time":"2019-12-20T17:03:17.665Z","v":0}
{"name":"hexo","hostname":"USER-ROOSI7T2RO","pid":9028,"level":20,"msg":"Theme config loaded.","time":"2019-12-20T17:03:17.675Z","v":0}
{"name":"hexo","hostname":"USER-ROOSI7T2RO","pid":9028,"level":20,"msg":"Processed: _config.yml","time":"2019-12-20T17:03:17.677Z","v":0}
{"name":"hexo","hostname":"USER-ROOSI7T2RO","pid":9028,"level":20,"msg":"Processed: source/css/style.styl","time":"2019-12-20T17:03:17.677Z","v":0}
{"name":"hexo","hostname":"USER-ROOSI7T2RO","pid":9028,"level":20,"msg":"Processed: source/js/script.js","time":"2019-12-20T17:03:17.677Z","v":0}
{"name":"hexo","hostname":"USER-ROOSI7T2RO","pid":9028,"level":20,"msg":"Processed: _posts/Safe.md","time":"2019-12-20T17:03:17.697Z","v":0}
{"name":"hexo","hostname":"USER-ROOSI7T2RO","pid":9028,"level":20,"msg":"Processed: layout/archive.ejs","time":"2019-12-20T17:03:17.717Z","v":0}
{"name":"hexo","hostname":"USER-ROOSI7T2RO","pid":9028,"level":20,"msg":"Processed: layout/category.ejs","time":"2019-12-20T17:03:17.717Z","v":0}
{"name":"hexo","hostname":"USER-ROOSI7T2RO","pid":9028,"level":20,"msg":"Processed: layout/index.ejs","time":"2019-12-20T17:03:17.718Z","v":0}
{"name":"hexo","hostname":"USER-ROOSI7T2RO","pid":9028,"level":20,"msg":"Processed: layout/layout.ejs","time":"2019-12-20T17:03:17.718Z","v":0}
{"name":"hexo","hostname":"USER-ROOSI7T2RO","pid":9028,"level":20,"msg":"Processed: layout/link.ejs","time":"2019-12-20T17:03:17.718Z","v":0}
{"name":"hexo","hostname":"USER-ROOSI7T2RO","pid":9028,"level":20,"msg":"Processed: layout/note.ejs","time":"2019-12-20T17:03:17.718Z","v":0}
{"name":"hexo","hostname":"USER-ROOSI7T2RO","pid":9028,"level":20,"msg":"Processed: layout/post.ejs","time":"2019-12-20T17:03:17.718Z","v":0}
{"name":"hexo","hostname":"USER-ROOSI7T2RO","pid":9028,"level":20,"msg":"Processed: layout/page.ejs","time":"2019-12-20T17:03:17.718Z","v":0}
{"name":"hexo","hostname":"USER-ROOSI7T2RO","pid":9028,"level":20,"msg":"Processed: layout/project.ejs","time":"2019-12-20T17:03:17.718Z","v":0}
{"name":"hexo","hostname":"USER-ROOSI7T2RO","pid":9028,"level":20,"msg":"Processed: layout/tags.ejs","time":"2019-12-20T17:03:17.718Z","v":0}
{"name":"hexo","hostname":"USER-ROOSI7T2RO","pid":9028,"level":20,"msg":"Processed: layout/about.ejs","time":"2019-12-20T17:03:17.719Z","v":0}
{"name":"hexo","hostname":"USER-ROOSI7T2RO","pid":9028,"level":20,"msg":"Processed: source/css/images/logo.png","time":"2019-12-20T17:03:17.723Z","v":0}
{"name":"hexo","hostname":"USER-ROOSI7T2RO","pid":9028,"level":20,"msg":"Processed: source/css/images/logo1.png","time":"2019-12-20T17:03:17.723Z","v":0}
{"name":"hexo","hostname":"USER-ROOSI7T2RO","pid":9028,"level":20,"msg":"Processed: source/css/images/menu.png","time":"2019-12-20T17:03:17.724Z","v":0}
{"name":"hexo","hostname":"USER-ROOSI7T2RO","pid":9028,"level":20,"msg":"Processed: source/css/images/top.png","time":"2019-12-20T17:03:17.724Z","v":0}
{"name":"hexo","hostname":"USER-ROOSI7T2RO","pid":9028,"level":20,"msg":"Processed: source/css/plugins/gitment.css","time":"2019-12-20T17:03:17.724Z","v":0}
{"name":"hexo","hostname":"USER-ROOSI7T2RO","pid":9028,"level":20,"msg":"Processed: source/css/images/escheres.png","time":"2019-12-20T17:03:17.724Z","v":0}
{"name":"hexo","hostname":"USER-ROOSI7T2RO","pid":9028,"level":20,"msg":"Processed: layout/_partial/note.ejs","time":"2019-12-20T17:03:17.769Z","v":0}
{"name":"hexo","hostname":"USER-ROOSI7T2RO","pid":9028,"level":20,"msg":"Processed: layout/_partial/link.ejs","time":"2019-12-20T17:03:17.769Z","v":0}
{"name":"hexo","hostname":"USER-ROOSI7T2RO","pid":9028,"level":20,"msg":"Processed: source/fonts/SourceSansPro.ttf","time":"2019-12-20T17:03:17.770Z","v":0}
{"name":"hexo","hostname":"USER-ROOSI7T2RO","pid":9028,"level":20,"msg":"Processed: layout/_third-party/mathjax.ejs","time":"2019-12-20T17:03:17.777Z","v":0}
{"name":"hexo","hostname":"USER-ROOSI7T2RO","pid":9028,"level":20,"msg":"Processed: layout/_partial/catalog.ejs","time":"2019-12-20T17:03:17.777Z","v":0}
{"name":"hexo","hostname":"USER-ROOSI7T2RO","pid":9028,"level":20,"msg":"Processed: layout/_partial/essay.ejs","time":"2019-12-20T17:03:17.777Z","v":0}
{"name":"hexo","hostname":"USER-ROOSI7T2RO","pid":9028,"level":20,"msg":"Processed: layout/_partial/footer.ejs","time":"2019-12-20T17:03:17.777Z","v":0}
{"name":"hexo","hostname":"USER-ROOSI7T2RO","pid":9028,"level":20,"msg":"Processed: layout/_partial/head.ejs","time":"2019-12-20T17:03:17.777Z","v":0}
{"name":"hexo","hostname":"USER-ROOSI7T2RO","pid":9028,"level":20,"msg":"Processed: layout/_partial/header.ejs","time":"2019-12-20T17:03:17.777Z","v":0}
{"name":"hexo","hostname":"USER-ROOSI7T2RO","pid":9028,"level":20,"msg":"Processed: layout/_partial/pager.ejs","time":"2019-12-20T17:03:17.778Z","v":0}
{"name":"hexo","hostname":"USER-ROOSI7T2RO","pid":9028,"level":20,"msg":"Processed: layout/_partial/top.ejs","time":"2019-12-20T17:03:17.778Z","v":0}
{"name":"hexo","hostname":"USER-ROOSI7T2RO","pid":9028,"level":20,"msg":"Processed: layout/_partial/tag.ejs","time":"2019-12-20T17:03:17.778Z","v":0}
{"name":"hexo","hostname":"USER-ROOSI7T2RO","pid":9028,"level":20,"msg":"Processed: layout/_partial/archive.ejs","time":"2019-12-20T17:03:17.778Z","v":0}
{"name":"hexo","hostname":"USER-ROOSI7T2RO","pid":9028,"level":20,"msg":"Processed: layout/_partial/nav.ejs","time":"2019-12-20T17:03:17.778Z","v":0}
{"name":"hexo","hostname":"USER-ROOSI7T2RO","pid":9028,"level":20,"msg":"Generator: page","time":"2019-12-20T17:03:18.244Z","v":0}
{"name":"hexo","hostname":"USER-ROOSI7T2RO","pid":9028,"level":20,"msg":"Generator: post","time":"2019-12-20T17:03:18.244Z","v":0}
{"name":"hexo","hostname":"USER-ROOSI7T2RO","pid":9028,"level":20,"msg":"Generator: archive","time":"2019-12-20T17:03:18.244Z","v":0}
{"name":"hexo","hostname":"USER-ROOSI7T2RO","pid":9028,"level":20,"msg":"Generator: category","time":"2019-12-20T17:03:18.244Z","v":0}
{"name":"hexo","hostname":"USER-ROOSI7T2RO","pid":9028,"level":20,"msg":"Generator: index","time":"2019-12-20T17:03:18.244Z","v":0}
{"name":"hexo","hostname":"USER-ROOSI7T2RO","pid":9028,"level":20,"msg":"Generator: tag","time":"2019-12-20T17:03:18.244Z","v":0}
{"name":"hexo","hostname":"USER-ROOSI7T2RO","pid":9028,"level":20,"msg":"Generator: asset","time":"2019-12-20T17:03:18.245Z","v":0}
{"name":"hexo","hostname":"USER-ROOSI7T2RO","pid":9028,"level":30,"msg":"Hexo is running at http://localhost:4000 . Press Ctrl+C to stop.","time":"2019-12-20T17:03:18.258Z","v":0}
{"name":"hexo","hostname":"USER-ROOSI7T2RO","pid":9028,"level":20,"msg":"Database saved","time":"2019-12-20T17:03:18.315Z","v":0}
{"name":"hexo","hostname":"USER-ROOSI7T2RO","pid":9028,"level":20,"msg":"Rendering index: index.html","time":"2019-12-20T17:03:38.247Z","v":0}
{"name":"hexo","hostname":"USER-ROOSI7T2RO","pid":9028,"level":20,"msg":"Rendering category: categories/essay/index.html","time":"2019-12-20T17:03:42.534Z","v":0}
{"name":"hexo","hostname":"USER-ROOSI7T2RO","pid":9028,"level":20,"msg":"Rendering post: 2019/12/20/Safe/index.html","time":"2019-12-20T17:03:45.355Z","v":0}
{"name":"hexo","hostname":"USER-ROOSI7T2RO","pid":9028,"level":20,"msg":"Rendering post: 2019/12/20/Safe/index.html","time":"2019-12-20T17:04:11.463Z","v":0}
{"name":"hexo","hostname":"USER-ROOSI7T2RO","pid":9028,"level":20,"msg":"Processed: _posts/Safe.md","time":"2019-12-20T17:05:17.682Z","v":0}
{"name":"hexo","hostname":"USER-ROOSI7T2RO","pid":9028,"level":20,"msg":"Generator: page","time":"2019-12-20T17:05:17.880Z","v":0}
{"name":"hexo","hostname":"USER-ROOSI7T2RO","pid":9028,"level":20,"msg":"Generator: post","time":"2019-12-20T17:05:17.881Z","v":0}
{"name":"hexo","hostname":"USER-ROOSI7T2RO","pid":9028,"level":20,"msg":"Generator: archive","time":"2019-12-20T17:05:17.881Z","v":0}
{"name":"hexo","hostname":"USER-ROOSI7T2RO","pid":9028,"level":20,"msg":"Generator: category","time":"2019-12-20T17:05:17.881Z","v":0}
{"name":"hexo","hostname":"USER-ROOSI7T2RO","pid":9028,"level":20,"msg":"Generator: index","time":"2019-12-20T17:05:17.881Z","v":0}
{"name":"hexo","hostname":"USER-ROOSI7T2RO","pid":9028,"level":20,"msg":"Generator: tag","time":"2019-12-20T17:05:17.881Z","v":0}
{"name":"hexo","hostname":"USER-ROOSI7T2RO","pid":9028,"level":20,"msg":"Generator: asset","time":"2019-12-20T17:05:17.882Z","v":0}
{"name":"hexo","hostname":"USER-ROOSI7T2RO","pid":9028,"level":20,"msg":"Processed: _posts/Safe.md","time":"2019-12-20T17:59:40.872Z","v":0}
{"name":"hexo","hostname":"USER-ROOSI7T2RO","pid":9028,"level":20,"msg":"Generator: page","time":"2019-12-20T17:59:41.046Z","v":0}
{"name":"hexo","hostname":"USER-ROOSI7T2RO","pid":9028,"level":20,"msg":"Generator: post","time":"2019-12-20T17:59:41.047Z","v":0}
{"name":"hexo","hostname":"USER-ROOSI7T2RO","pid":9028,"level":20,"msg":"Generator: archive","time":"2019-12-20T17:59:41.047Z","v":0}
{"name":"hexo","hostname":"USER-ROOSI7T2RO","pid":9028,"level":20,"msg":"Generator: category","time":"2019-12-20T17:59:41.047Z","v":0}
{"name":"hexo","hostname":"USER-ROOSI7T2RO","pid":9028,"level":20,"msg":"Generator: index","time":"2019-12-20T17:59:41.047Z","v":0}
{"name":"hexo","hostname":"USER-ROOSI7T2RO","pid":9028,"level":20,"msg":"Generator: tag","time":"2019-12-20T17:59:41.047Z","v":0}
{"name":"hexo","hostname":"USER-ROOSI7T2RO","pid":9028,"level":20,"msg":"Generator: asset","time":"2019-12-20T17:59:41.048Z","v":0}
{"name":"hexo","hostname":"USER-ROOSI7T2RO","pid":9028,"level":20,"msg":"Processed: _posts/Safe.md","time":"2019-12-20T17:59:41.107Z","v":0}
{"name":"hexo","hostname":"USER-ROOSI7T2RO","pid":9028,"level":20,"msg":"Generator: page","time":"2019-12-20T17:59:41.262Z","v":0}
{"name":"hexo","hostname":"USER-ROOSI7T2RO","pid":9028,"level":20,"msg":"Generator: post","time":"2019-12-20T17:59:41.262Z","v":0}
{"name":"hexo","hostname":"USER-ROOSI7T2RO","pid":9028,"level":20,"msg":"Generator: archive","time":"2019-12-20T17:59:41.262Z","v":0}
{"name":"hexo","hostname":"USER-ROOSI7T2RO","pid":9028,"level":20,"msg":"Generator: category","time":"2019-12-20T17:59:41.263Z","v":0}
{"name":"hexo","hostname":"USER-ROOSI7T2RO","pid":9028,"level":20,"msg":"Generator: index","time":"2019-12-20T17:59:41.263Z","v":0}
{"name":"hexo","hostname":"USER-ROOSI7T2RO","pid":9028,"level":20,"msg":"Generator: tag","time":"2019-12-20T17:59:41.263Z","v":0}
{"name":"hexo","hostname":"USER-ROOSI7T2RO","pid":9028,"level":20,"msg":"Generator: asset","time":"2019-12-20T17:59:41.264Z","v":0}
{"name":"hexo","hostname":"USER-ROOSI7T2RO","pid":9028,"level":20,"msg":"Processed: _posts/Safe.md","time":"2019-12-20T18:00:03.527Z","v":0}
{"name":"hexo","hostname":"USER-ROOSI7T2RO","pid":9028,"level":20,"msg":"Processed: debug.log","time":"2019-12-20T18:00:03.533Z","v":0}
{"name":"hexo","hostname":"USER-ROOSI7T2RO","pid":9028,"level":20,"msg":"Generator: page","time":"2019-12-20T18:00:03.716Z","v":0}
{"name":"hexo","hostname":"USER-ROOSI7T2RO","pid":9028,"level":20,"msg":"Generator: post","time":"2019-12-20T18:00:03.716Z","v":0}
{"name":"hexo","hostname":"USER-ROOSI7T2RO","pid":9028,"level":20,"msg":"Generator: archive","time":"2019-12-20T18:00:03.717Z","v":0}
{"name":"hexo","hostname":"USER-ROOSI7T2RO","pid":9028,"level":20,"msg":"Generator: category","time":"2019-12-20T18:00:03.717Z","v":0}
{"name":"hexo","hostname":"USER-ROOSI7T2RO","pid":9028,"level":20,"msg":"Generator: index","time":"2019-12-20T18:00:03.717Z","v":0}
{"name":"hexo","hostname":"USER-ROOSI7T2RO","pid":9028,"level":20,"msg":"Generator: tag","time":"2019-12-20T18:00:03.717Z","v":0}
{"name":"hexo","hostname":"USER-ROOSI7T2RO","pid":9028,"level":20,"msg":"Generator: asset","time":"2019-12-20T18:00:03.720Z","v":0}
{"name":"hexo","hostname":"USER-ROOSI7T2RO","pid":9028,"level":20,"msg":"Processed: _posts/Safe.md","time":"2019-12-20T18:00:10.770Z","v":0}
{"name":"hexo","hostname":"USER-ROOSI7T2RO","pid":9028,"level":20,"msg":"Generator: page","time":"2019-12-20T18:00:10.929Z","v":0}
{"name":"hexo","hostname":"USER-ROOSI7T2RO","pid":9028,"level":20,"msg":"Generator: post","time":"2019-12-20T18:00:10.929Z","v":0}
{"name":"hexo","hostname":"USER-ROOSI7T2RO","pid":9028,"level":20,"msg":"Generator: archive","time":"2019-12-20T18:00:10.929Z","v":0}
{"name":"hexo","hostname":"USER-ROOSI7T2RO","pid":9028,"level":20,"msg":"Generator: category","time":"2019-12-20T18:00:10.929Z","v":0}
{"name":"hexo","hostname":"USER-ROOSI7T2RO","pid":9028,"level":20,"msg":"Generator: index","time":"2019-12-20T18:00:10.929Z","v":0}
{"name":"hexo","hostname":"USER-ROOSI7T2RO","pid":9028,"level":20,"msg":"Generator: tag","time":"2019-12-20T18:00:10.929Z","v":0}
{"name":"hexo","hostname":"USER-ROOSI7T2RO","pid":9028,"level":20,"msg":"Generator: asset","time":"2019-12-20T18:00:10.930Z","v":0}
{"name":"hexo","hostname":"USER-ROOSI7T2RO","pid":9028,"level":20,"msg":"Processed: _posts/Safe.md","time":"2019-12-20T18:00:10.959Z","v":0}
{"name":"hexo","hostname":"USER-ROOSI7T2RO","pid":9028,"level":20,"msg":"Generator: page","time":"2019-12-20T18:00:11.146Z","v":0}
{"name":"hexo","hostname":"USER-ROOSI7T2RO","pid":9028,"level":20,"msg":"Generator: post","time":"2019-12-20T18:00:11.146Z","v":0}
{"name":"hexo","hostname":"USER-ROOSI7T2RO","pid":9028,"level":20,"msg":"Generator: archive","time":"2019-12-20T18:00:11.147Z","v":0}
{"name":"hexo","hostname":"USER-ROOSI7T2RO","pid":9028,"level":20,"msg":"Generator: category","time":"2019-12-20T18:00:11.147Z","v":0}
{"name":"hexo","hostname":"USER-ROOSI7T2RO","pid":9028,"level":20,"msg":"Generator: index","time":"2019-12-20T18:00:11.147Z","v":0}
{"name":"hexo","hostname":"USER-ROOSI7T2RO","pid":9028,"level":20,"msg":"Generator: tag","time":"2019-12-20T18:00:11.147Z","v":0}
{"name":"hexo","hostname":"USER-ROOSI7T2RO","pid":9028,"level":20,"msg":"Generator: asset","time":"2019-12-20T18:00:11.148Z","v":0}
{"name":"hexo","hostname":"USER-ROOSI7T2RO","pid":9028,"level":20,"msg":"Processed: _posts/Safe.md","time":"2019-12-20T18:00:11.183Z","v":0}
{"name":"hexo","hostname":"USER-ROOSI7T2RO","pid":9028,"level":20,"msg":"Generator: page","time":"2019-12-20T18:00:11.339Z","v":0}
{"name":"hexo","hostname":"USER-ROOSI7T2RO","pid":9028,"level":20,"msg":"Generator: post","time":"2019-12-20T18:00:11.339Z","v":0}
{"name":"hexo","hostname":"USER-ROOSI7T2RO","pid":9028,"level":20,"msg":"Generator: archive","time":"2019-12-20T18:00:11.339Z","v":0}
{"name":"hexo","hostname":"USER-ROOSI7T2RO","pid":9028,"level":20,"msg":"Generator: category","time":"2019-12-20T18:00:11.339Z","v":0}
{"name":"hexo","hostname":"USER-ROOSI7T2RO","pid":9028,"level":20,"msg":"Generator: index","time":"2019-12-20T18:00:11.339Z","v":0}
{"name":"hexo","hostname":"USER-ROOSI7T2RO","pid":9028,"level":20,"msg":"Generator: tag","time":"2019-12-20T18:00:11.339Z","v":0}
{"name":"hexo","hostname":"USER-ROOSI7T2RO","pid":9028,"level":20,"msg":"Generator: asset","time":"2019-12-20T18:00:11.340Z","v":0}
{"name":"hexo","hostname":"USER-ROOSI7T2RO","pid":9028,"level":20,"msg":"Processed: _posts/Safe.md","time":"2019-12-20T18:01:00.442Z","v":0}
{"name":"hexo","hostname":"USER-ROOSI7T2RO","pid":9028,"level":20,"msg":"Generator: page","time":"2019-12-20T18:01:00.591Z","v":0}
{"name":"hexo","hostname":"USER-ROOSI7T2RO","pid":9028,"level":20,"msg":"Generator: post","time":"2019-12-20T18:01:00.592Z","v":0}
{"name":"hexo","hostname":"USER-ROOSI7T2RO","pid":9028,"level":20,"msg":"Generator: archive","time":"2019-12-20T18:01:00.592Z","v":0}
{"name":"hexo","hostname":"USER-ROOSI7T2RO","pid":9028,"level":20,"msg":"Generator: category","time":"2019-12-20T18:01:00.592Z","v":0}
{"name":"hexo","hostname":"USER-ROOSI7T2RO","pid":9028,"level":20,"msg":"Generator: index","time":"2019-12-20T18:01:00.592Z","v":0}
{"name":"hexo","hostname":"USER-ROOSI7T2RO","pid":9028,"level":20,"msg":"Generator: tag","time":"2019-12-20T18:01:00.592Z","v":0}
{"name":"hexo","hostname":"USER-ROOSI7T2RO","pid":9028,"level":20,"msg":"Generator: asset","time":"2019-12-20T18:01:00.594Z","v":0}
{"name":"hexo","hostname":"USER-ROOSI7T2RO","pid":9028,"level":20,"msg":"Processed: _posts/Safe.md","time":"2019-12-20T18:01:00.654Z","v":0}
{"name":"hexo","hostname":"USER-ROOSI7T2RO","pid":9028,"level":20,"msg":"Generator: page","time":"2019-12-20T18:01:00.821Z","v":0}
{"name":"hexo","hostname":"USER-ROOSI7T2RO","pid":9028,"level":20,"msg":"Generator: post","time":"2019-12-20T18:01:00.822Z","v":0}
{"name":"hexo","hostname":"USER-ROOSI7T2RO","pid":9028,"level":20,"msg":"Generator: archive","time":"2019-12-20T18:01:00.822Z","v":0}
{"name":"hexo","hostname":"USER-ROOSI7T2RO","pid":9028,"level":20,"msg":"Generator: category","time":"2019-12-20T18:01:00.822Z","v":0}
{"name":"hexo","hostname":"USER-ROOSI7T2RO","pid":9028,"level":20,"msg":"Generator: index","time":"2019-12-20T18:01:00.822Z","v":0}
{"name":"hexo","hostname":"USER-ROOSI7T2RO","pid":9028,"level":20,"msg":"Generator: tag","time":"2019-12-20T18:01:00.822Z","v":0}
{"name":"hexo","hostname":"USER-ROOSI7T2RO","pid":9028,"level":20,"msg":"Generator: asset","time":"2019-12-20T18:01:00.845Z","v":0}
{"name":"hexo","hostname":"USER-ROOSI7T2RO","pid":9028,"level":20,"msg":"Rendering post: 2019/12/20/Safe/index.html","time":"2019-12-20T18:01:09.534Z","v":0}
{"name":"hexo","hostname":"USER-ROOSI7T2RO","pid":9028,"level":20,"msg":"Processed: _posts/Safe.md","time":"2019-12-20T18:02:56.615Z","v":0}
{"name":"hexo","hostname":"USER-ROOSI7T2RO","pid":9028,"level":20,"msg":"Generator: page","time":"2019-12-20T18:02:56.782Z","v":0}
{"name":"hexo","hostname":"USER-ROOSI7T2RO","pid":9028,"level":20,"msg":"Generator: post","time":"2019-12-20T18:02:56.783Z","v":0}
{"name":"hexo","hostname":"USER-ROOSI7T2RO","pid":9028,"level":20,"msg":"Generator: archive","time":"2019-12-20T18:02:56.783Z","v":0}
{"name":"hexo","hostname":"USER-ROOSI7T2RO","pid":9028,"level":20,"msg":"Generator: category","time":"2019-12-20T18:02:56.783Z","v":0}
{"name":"hexo","hostname":"USER-ROOSI7T2RO","pid":9028,"level":20,"msg":"Generator: index","time":"2019-12-20T18:02:56.783Z","v":0}
{"name":"hexo","hostname":"USER-ROOSI7T2RO","pid":9028,"level":20,"msg":"Generator: tag","time":"2019-12-20T18:02:56.783Z","v":0}
{"name":"hexo","hostname":"USER-ROOSI7T2RO","pid":9028,"level":20,"msg":"Generator: asset","time":"2019-12-20T18:02:56.784Z","v":0}
{"name":"hexo","hostname":"USER-ROOSI7T2RO","pid":9028,"level":20,"msg":"Processed: _posts/Safe.md","time":"2019-12-20T18:02:56.819Z","v":0}
{"name":"hexo","hostname":"USER-ROOSI7T2RO","pid":9028,"level":20,"msg":"Generator: page","time":"2019-12-20T18:02:56.982Z","v":0}
{"name":"hexo","hostname":"USER-ROOSI7T2RO","pid":9028,"level":20,"msg":"Generator: post","time":"2019-12-20T18:02:56.983Z","v":0}
{"name":"hexo","hostname":"USER-ROOSI7T2RO","pid":9028,"level":20,"msg":"Generator: archive","time":"2019-12-20T18:02:56.983Z","v":0}
{"name":"hexo","hostname":"USER-ROOSI7T2RO","pid":9028,"level":20,"msg":"Generator: category","time":"2019-12-20T18:02:56.983Z","v":0}
{"name":"hexo","hostname":"USER-ROOSI7T2RO","pid":9028,"level":20,"msg":"Generator: index","time":"2019-12-20T18:02:56.983Z","v":0}
{"name":"hexo","hostname":"USER-ROOSI7T2RO","pid":9028,"level":20,"msg":"Generator: tag","time":"2019-12-20T18:02:56.983Z","v":0}
{"name":"hexo","hostname":"USER-ROOSI7T2RO","pid":9028,"level":20,"msg":"Generator: asset","time":"2019-12-20T18:02:56.986Z","v":0}
{"name":"hexo","hostname":"USER-ROOSI7T2RO","pid":9028,"level":20,"msg":"Rendering post: 2019/12/20/Safe/index.html","time":"2019-12-20T18:02:58.234Z","v":0}
{"name":"hexo","hostname":"USER-ROOSI7T2RO","pid":9028,"level":20,"msg":"Processed: _posts/Safe.md","time":"2019-12-20T18:05:35.219Z","v":0}
{"name":"hexo","hostname":"USER-ROOSI7T2RO","pid":9028,"level":20,"msg":"Generator: page","time":"2019-12-20T18:05:35.364Z","v":0}
{"name":"hexo","hostname":"USER-ROOSI7T2RO","pid":9028,"level":20,"msg":"Generator: post","time":"2019-12-20T18:05:35.365Z","v":0}
{"name":"hexo","hostname":"USER-ROOSI7T2RO","pid":9028,"level":20,"msg":"Generator: archive","time":"2019-12-20T18:05:35.365Z","v":0}
{"name":"hexo","hostname":"USER-ROOSI7T2RO","pid":9028,"level":20,"msg":"Generator: category","time":"2019-12-20T18:05:35.365Z","v":0}
{"name":"hexo","hostname":"USER-ROOSI7T2RO","pid":9028,"level":20,"msg":"Generator: index","time":"2019-12-20T18:05:35.365Z","v":0}
{"name":"hexo","hostname":"USER-ROOSI7T2RO","pid":9028,"level":20,"msg":"Generator: tag","time":"2019-12-20T18:05:35.365Z","v":0}
{"name":"hexo","hostname":"USER-ROOSI7T2RO","pid":9028,"level":20,"msg":"Generator: asset","time":"2019-12-20T18:05:35.366Z","v":0}
{"name":"hexo","hostname":"USER-ROOSI7T2RO","pid":9028,"level":20,"msg":"Processed: _posts/Safe.md","time":"2019-12-20T18:05:51.698Z","v":0}
{"name":"hexo","hostname":"USER-ROOSI7T2RO","pid":9028,"level":20,"msg":"Generator: page","time":"2019-12-20T18:05:51.850Z","v":0}
{"name":"hexo","hostname":"USER-ROOSI7T2RO","pid":9028,"level":20,"msg":"Generator: post","time":"2019-12-20T18:05:51.851Z","v":0}
{"name":"hexo","hostname":"USER-ROOSI7T2RO","pid":9028,"level":20,"msg":"Generator: archive","time":"2019-12-20T18:05:51.851Z","v":0}
{"name":"hexo","hostname":"USER-ROOSI7T2RO","pid":9028,"level":20,"msg":"Generator: category","time":"2019-12-20T18:05:51.851Z","v":0}
{"name":"hexo","hostname":"USER-ROOSI7T2RO","pid":9028,"level":20,"msg":"Generator: index","time":"2019-12-20T18:05:51.851Z","v":0}
{"name":"hexo","hostname":"USER-ROOSI7T2RO","pid":9028,"level":20,"msg":"Generator: tag","time":"2019-12-20T18:05:51.851Z","v":0}
{"name":"hexo","hostname":"USER-ROOSI7T2RO","pid":9028,"level":20,"msg":"Generator: asset","time":"2019-12-20T18:05:51.852Z","v":0}
{"name":"hexo","hostname":"USER-ROOSI7T2RO","pid":9028,"level":20,"msg":"Processed: _posts/Safe.md","time":"2019-12-20T18:06:08.622Z","v":0}
{"name":"hexo","hostname":"USER-ROOSI7T2RO","pid":9028,"level":20,"msg":"Generator: page","time":"2019-12-20T18:06:08.771Z","v":0}
{"name":"hexo","hostname":"USER-ROOSI7T2RO","pid":9028,"level":20,"msg":"Generator: post","time":"2019-12-20T18:06:08.772Z","v":0}
{"name":"hexo","hostname":"USER-ROOSI7T2RO","pid":9028,"level":20,"msg":"Generator: archive","time":"2019-12-20T18:06:08.772Z","v":0}
{"name":"hexo","hostname":"USER-ROOSI7T2RO","pid":9028,"level":20,"msg":"Generator: category","time":"2019-12-20T18:06:08.772Z","v":0}
{"name":"hexo","hostname":"USER-ROOSI7T2RO","pid":9028,"level":20,"msg":"Generator: index","time":"2019-12-20T18:06:08.772Z","v":0}
{"name":"hexo","hostname":"USER-ROOSI7T2RO","pid":9028,"level":20,"msg":"Generator: tag","time":"2019-12-20T18:06:08.772Z","v":0}
{"name":"hexo","hostname":"USER-ROOSI7T2RO","pid":9028,"level":20,"msg":"Generator: asset","time":"2019-12-20T18:06:08.773Z","v":0}
{"name":"hexo","hostname":"USER-ROOSI7T2RO","pid":9028,"level":20,"msg":"Processed: _posts/Safe.md","time":"2019-12-20T18:06:17.698Z","v":0}
{"name":"hexo","hostname":"USER-ROOSI7T2RO","pid":9028,"level":20,"msg":"Generator: page","time":"2019-12-20T18:06:17.859Z","v":0}
{"name":"hexo","hostname":"USER-ROOSI7T2RO","pid":9028,"level":20,"msg":"Generator: post","time":"2019-12-20T18:06:17.859Z","v":0}
{"name":"hexo","hostname":"USER-ROOSI7T2RO","pid":9028,"level":20,"msg":"Generator: archive","time":"2019-12-20T18:06:17.860Z","v":0}
{"name":"hexo","hostname":"USER-ROOSI7T2RO","pid":9028,"level":20,"msg":"Generator: category","time":"2019-12-20T18:06:17.860Z","v":0}
{"name":"hexo","hostname":"USER-ROOSI7T2RO","pid":9028,"level":20,"msg":"Generator: index","time":"2019-12-20T18:06:17.860Z","v":0}
{"name":"hexo","hostname":"USER-ROOSI7T2RO","pid":9028,"level":20,"msg":"Generator: tag","time":"2019-12-20T18:06:17.860Z","v":0}
{"name":"hexo","hostname":"USER-ROOSI7T2RO","pid":9028,"level":20,"msg":"Generator: asset","time":"2019-12-20T18:06:17.861Z","v":0}
{"name":"hexo","hostname":"USER-ROOSI7T2RO","pid":9028,"level":20,"msg":"Processed: _posts/Safe.md","time":"2019-12-20T18:06:34.398Z","v":0}
{"name":"hexo","hostname":"USER-ROOSI7T2RO","pid":9028,"level":20,"msg":"Generator: page","time":"2019-12-20T18:06:34.543Z","v":0}
{"name":"hexo","hostname":"USER-ROOSI7T2RO","pid":9028,"level":20,"msg":"Generator: post","time":"2019-12-20T18:06:34.543Z","v":0}
{"name":"hexo","hostname":"USER-ROOSI7T2RO","pid":9028,"level":20,"msg":"Generator: archive","time":"2019-12-20T18:06:34.543Z","v":0}
{"name":"hexo","hostname":"USER-ROOSI7T2RO","pid":9028,"level":20,"msg":"Generator: category","time":"2019-12-20T18:06:34.543Z","v":0}
{"name":"hexo","hostname":"USER-ROOSI7T2RO","pid":9028,"level":20,"msg":"Generator: index","time":"2019-12-20T18:06:34.544Z","v":0}
{"name":"hexo","hostname":"USER-ROOSI7T2RO","pid":9028,"level":20,"msg":"Generator: tag","time":"2019-12-20T18:06:34.544Z","v":0}
{"name":"hexo","hostname":"USER-ROOSI7T2RO","pid":9028,"level":20,"msg":"Generator: asset","time":"2019-12-20T18:06:34.544Z","v":0}
{"name":"hexo","hostname":"USER-ROOSI7T2RO","pid":9028,"level":20,"msg":"Processed: _posts/Safe.md","time":"2019-12-20T18:07:05.427Z","v":0}
{"name":"hexo","hostname":"USER-ROOSI7T2RO","pid":9028,"level":20,"msg":"Generator: page","time":"2019-12-20T18:07:05.571Z","v":0}
{"name":"hexo","hostname":"USER-ROOSI7T2RO","pid":9028,"level":20,"msg":"Generator: post","time":"2019-12-20T18:07:05.571Z","v":0}
{"name":"hexo","hostname":"USER-ROOSI7T2RO","pid":9028,"level":20,"msg":"Generator: archive","time":"2019-12-20T18:07:05.571Z","v":0}
{"name":"hexo","hostname":"USER-ROOSI7T2RO","pid":9028,"level":20,"msg":"Generator: category","time":"2019-12-20T18:07:05.572Z","v":0}
{"name":"hexo","hostname":"USER-ROOSI7T2RO","pid":9028,"level":20,"msg":"Generator: index","time":"2019-12-20T18:07:05.572Z","v":0}
{"name":"hexo","hostname":"USER-ROOSI7T2RO","pid":9028,"level":20,"msg":"Generator: tag","time":"2019-12-20T18:07:05.572Z","v":0}
{"name":"hexo","hostname":"USER-ROOSI7T2RO","pid":9028,"level":20,"msg":"Generator: asset","time":"2019-12-20T18:07:05.574Z","v":0}
{"name":"hexo","hostname":"USER-ROOSI7T2RO","pid":9028,"level":20,"msg":"Processed: _posts/Safe.md","time":"2019-12-20T18:07:23.731Z","v":0}
{"name":"hexo","hostname":"USER-ROOSI7T2RO","pid":9028,"level":20,"msg":"Generator: page","time":"2019-12-20T18:07:23.877Z","v":0}
{"name":"hexo","hostname":"USER-ROOSI7T2RO","pid":9028,"level":20,"msg":"Generator: post","time":"2019-12-20T18:07:23.878Z","v":0}
{"name":"hexo","hostname":"USER-ROOSI7T2RO","pid":9028,"level":20,"msg":"Generator: archive","time":"2019-12-20T18:07:23.878Z","v":0}
{"name":"hexo","hostname":"USER-ROOSI7T2RO","pid":9028,"level":20,"msg":"Generator: category","time":"2019-12-20T18:07:23.878Z","v":0}
{"name":"hexo","hostname":"USER-ROOSI7T2RO","pid":9028,"level":20,"msg":"Generator: index","time":"2019-12-20T18:07:23.878Z","v":0}
{"name":"hexo","hostname":"USER-ROOSI7T2RO","pid":9028,"level":20,"msg":"Generator: tag","time":"2019-12-20T18:07:23.878Z","v":0}
{"name":"hexo","hostname":"USER-ROOSI7T2RO","pid":9028,"level":20,"msg":"Generator: asset","time":"2019-12-20T18:07:23.878Z","v":0}
{"name":"hexo","hostname":"USER-ROOSI7T2RO","pid":9028,"level":20,"msg":"Processed: _posts/Safe.md","time":"2019-12-20T18:07:44.623Z","v":0}
{"name":"hexo","hostname":"USER-ROOSI7T2RO","pid":9028,"level":20,"msg":"Generator: page","time":"2019-12-20T18:07:44.778Z","v":0}
{"name":"hexo","hostname":"USER-ROOSI7T2RO","pid":9028,"level":20,"msg":"Generator: post","time":"2019-12-20T18:07:44.778Z","v":0}
{"name":"hexo","hostname":"USER-ROOSI7T2RO","pid":9028,"level":20,"msg":"Generator: archive","time":"2019-12-20T18:07:44.778Z","v":0}
{"name":"hexo","hostname":"USER-ROOSI7T2RO","pid":9028,"level":20,"msg":"Generator: category","time":"2019-12-20T18:07:44.778Z","v":0}
{"name":"hexo","hostname":"USER-ROOSI7T2RO","pid":9028,"level":20,"msg":"Generator: index","time":"2019-12-20T18:07:44.778Z","v":0}
{"name":"hexo","hostname":"USER-ROOSI7T2RO","pid":9028,"level":20,"msg":"Generator: tag","time":"2019-12-20T18:07:44.779Z","v":0}
{"name":"hexo","hostname":"USER-ROOSI7T2RO","pid":9028,"level":20,"msg":"Generator: asset","time":"2019-12-20T18:07:44.779Z","v":0}
{"name":"hexo","hostname":"USER-ROOSI7T2RO","pid":9028,"level":20,"msg":"Processed: _posts/Safe.md","time":"2019-12-20T18:07:58.833Z","v":0}
{"name":"hexo","hostname":"USER-ROOSI7T2RO","pid":9028,"level":20,"msg":"Generator: page","time":"2019-12-20T18:07:58.974Z","v":0}
{"name":"hexo","hostname":"USER-ROOSI7T2RO","pid":9028,"level":20,"msg":"Generator: post","time":"2019-12-20T18:07:58.974Z","v":0}
{"name":"hexo","hostname":"USER-ROOSI7T2RO","pid":9028,"level":20,"msg":"Generator: archive","time":"2019-12-20T18:07:58.975Z","v":0}
{"name":"hexo","hostname":"USER-ROOSI7T2RO","pid":9028,"level":20,"msg":"Generator: category","time":"2019-12-20T18:07:58.975Z","v":0}
{"name":"hexo","hostname":"USER-ROOSI7T2RO","pid":9028,"level":20,"msg":"Generator: index","time":"2019-12-20T18:07:58.975Z","v":0}
{"name":"hexo","hostname":"USER-ROOSI7T2RO","pid":9028,"level":20,"msg":"Generator: tag","time":"2019-12-20T18:07:58.975Z","v":0}
{"name":"hexo","hostname":"USER-ROOSI7T2RO","pid":9028,"level":20,"msg":"Generator: asset","time":"2019-12-20T18:07:58.975Z","v":0}
{"name":"hexo","hostname":"USER-ROOSI7T2RO","pid":9028,"level":20,"msg":"Processed: _posts/Safe.md","time":"2019-12-20T18:08:12.140Z","v":0}
{"name":"hexo","hostname":"USER-ROOSI7T2RO","pid":9028,"level":20,"msg":"Generator: page","time":"2019-12-20T18:08:12.280Z","v":0}
{"name":"hexo","hostname":"USER-ROOSI7T2RO","pid":9028,"level":20,"msg":"Generator: post","time":"2019-12-20T18:08:12.280Z","v":0}
{"name":"hexo","hostname":"USER-ROOSI7T2RO","pid":9028,"level":20,"msg":"Generator: archive","time":"2019-12-20T18:08:12.280Z","v":0}
{"name":"hexo","hostname":"USER-ROOSI7T2RO","pid":9028,"level":20,"msg":"Generator: category","time":"2019-12-20T18:08:12.280Z","v":0}
{"name":"hexo","hostname":"USER-ROOSI7T2RO","pid":9028,"level":20,"msg":"Generator: index","time":"2019-12-20T18:08:12.280Z","v":0}
{"name":"hexo","hostname":"USER-ROOSI7T2RO","pid":9028,"level":20,"msg":"Generator: tag","time":"2019-12-20T18:08:12.280Z","v":0}
{"name":"hexo","hostname":"USER-ROOSI7T2RO","pid":9028,"level":20,"msg":"Generator: asset","time":"2019-12-20T18:08:12.281Z","v":0}
{"name":"hexo","hostname":"USER-ROOSI7T2RO","pid":9028,"level":20,"msg":"Processed: _posts/Safe.md","time":"2019-12-20T18:08:20.927Z","v":0}
{"name":"hexo","hostname":"USER-ROOSI7T2RO","pid":9028,"level":20,"msg":"Generator: page","time":"2019-12-20T18:08:21.064Z","v":0}
{"name":"hexo","hostname":"USER-ROOSI7T2RO","pid":9028,"level":20,"msg":"Generator: post","time":"2019-12-20T18:08:21.064Z","v":0}
{"name":"hexo","hostname":"USER-ROOSI7T2RO","pid":9028,"level":20,"msg":"Generator: archive","time":"2019-12-20T18:08:21.065Z","v":0}
{"name":"hexo","hostname":"USER-ROOSI7T2RO","pid":9028,"level":20,"msg":"Generator: category","time":"2019-12-20T18:08:21.065Z","v":0}
{"name":"hexo","hostname":"USER-ROOSI7T2RO","pid":9028,"level":20,"msg":"Generator: index","time":"2019-12-20T18:08:21.065Z","v":0}
{"name":"hexo","hostname":"USER-ROOSI7T2RO","pid":9028,"level":20,"msg":"Generator: tag","time":"2019-12-20T18:08:21.065Z","v":0}
{"name":"hexo","hostname":"USER-ROOSI7T2RO","pid":9028,"level":20,"msg":"Generator: asset","time":"2019-12-20T18:08:21.065Z","v":0}
{"name":"hexo","hostname":"USER-ROOSI7T2RO","pid":9028,"level":20,"msg":"Processed: _posts/Safe.md","time":"2019-12-20T18:09:01.743Z","v":0}
{"name":"hexo","hostname":"USER-ROOSI7T2RO","pid":9028,"level":20,"msg":"Generator: page","time":"2019-12-20T18:09:01.916Z","v":0}
{"name":"hexo","hostname":"USER-ROOSI7T2RO","pid":9028,"level":20,"msg":"Generator: post","time":"2019-12-20T18:09:01.916Z","v":0}
{"name":"hexo","hostname":"USER-ROOSI7T2RO","pid":9028,"level":20,"msg":"Generator: archive","time":"2019-12-20T18:09:01.916Z","v":0}
{"name":"hexo","hostname":"USER-ROOSI7T2RO","pid":9028,"level":20,"msg":"Generator: category","time":"2019-12-20T18:09:01.917Z","v":0}
{"name":"hexo","hostname":"USER-ROOSI7T2RO","pid":9028,"level":20,"msg":"Generator: index","time":"2019-12-20T18:09:01.917Z","v":0}
{"name":"hexo","hostname":"USER-ROOSI7T2RO","pid":9028,"level":20,"msg":"Generator: tag","time":"2019-12-20T18:09:01.917Z","v":0}
{"name":"hexo","hostname":"USER-ROOSI7T2RO","pid":9028,"level":20,"msg":"Generator: asset","time":"2019-12-20T18:09:01.918Z","v":0}
{"name":"hexo","hostname":"USER-ROOSI7T2RO","pid":9028,"level":20,"msg":"Processed: _posts/Safe.md","time":"2019-12-20T18:09:18.470Z","v":0}
{"name":"hexo","hostname":"USER-ROOSI7T2RO","pid":9028,"level":20,"msg":"Generator: page","time":"2019-12-20T18:09:18.609Z","v":0}
{"name":"hexo","hostname":"USER-ROOSI7T2RO","pid":9028,"level":20,"msg":"Generator: post","time":"2019-12-20T18:09:18.609Z","v":0}
{"name":"hexo","hostname":"USER-ROOSI7T2RO","pid":9028,"level":20,"msg":"Generator: archive","time":"2019-12-20T18:09:18.610Z","v":0}
{"name":"hexo","hostname":"USER-ROOSI7T2RO","pid":9028,"level":20,"msg":"Generator: category","time":"2019-12-20T18:09:18.610Z","v":0}
{"name":"hexo","hostname":"USER-ROOSI7T2RO","pid":9028,"level":20,"msg":"Generator: index","time":"2019-12-20T18:09:18.610Z","v":0}
{"name":"hexo","hostname":"USER-ROOSI7T2RO","pid":9028,"level":20,"msg":"Generator: tag","time":"2019-12-20T18:09:18.610Z","v":0}
{"name":"hexo","hostname":"USER-ROOSI7T2RO","pid":9028,"level":20,"msg":"Generator: asset","time":"2019-12-20T18:09:18.610Z","v":0}
{"name":"hexo","hostname":"USER-ROOSI7T2RO","pid":9028,"level":20,"msg":"Processed: _posts/Safe.md","time":"2019-12-20T18:09:26.462Z","v":0}
{"name":"hexo","hostname":"USER-ROOSI7T2RO","pid":9028,"level":20,"msg":"Generator: page","time":"2019-12-20T18:09:26.606Z","v":0}
{"name":"hexo","hostname":"USER-ROOSI7T2RO","pid":9028,"level":20,"msg":"Generator: post","time":"2019-12-20T18:09:26.606Z","v":0}
{"name":"hexo","hostname":"USER-ROOSI7T2RO","pid":9028,"level":20,"msg":"Generator: archive","time":"2019-12-20T18:09:26.606Z","v":0}
{"name":"hexo","hostname":"USER-ROOSI7T2RO","pid":9028,"level":20,"msg":"Generator: category","time":"2019-12-20T18:09:26.606Z","v":0}
{"name":"hexo","hostname":"USER-ROOSI7T2RO","pid":9028,"level":20,"msg":"Generator: index","time":"2019-12-20T18:09:26.606Z","v":0}
{"name":"hexo","hostname":"USER-ROOSI7T2RO","pid":9028,"level":20,"msg":"Generator: tag","time":"2019-12-20T18:09:26.606Z","v":0}
{"name":"hexo","hostname":"USER-ROOSI7T2RO","pid":9028,"level":20,"msg":"Generator: asset","time":"2019-12-20T18:09:26.607Z","v":0}
{"name":"hexo","hostname":"USER-ROOSI7T2RO","pid":9028,"level":20,"msg":"Processed: _posts/Safe.md","time":"2019-12-20T18:09:51.236Z","v":0}
{"name":"hexo","hostname":"USER-ROOSI7T2RO","pid":9028,"level":20,"msg":"Generator: page","time":"2019-12-20T18:09:51.372Z","v":0}
{"name":"hexo","hostname":"USER-ROOSI7T2RO","pid":9028,"level":20,"msg":"Generator: post","time":"2019-12-20T18:09:51.372Z","v":0}
{"name":"hexo","hostname":"USER-ROOSI7T2RO","pid":9028,"level":20,"msg":"Generator: archive","time":"2019-12-20T18:09:51.373Z","v":0}
{"name":"hexo","hostname":"USER-ROOSI7T2RO","pid":9028,"level":20,"msg":"Generator: category","time":"2019-12-20T18:09:51.373Z","v":0}
{"name":"hexo","hostname":"USER-ROOSI7T2RO","pid":9028,"level":20,"msg":"Generator: index","time":"2019-12-20T18:09:51.373Z","v":0}
{"name":"hexo","hostname":"USER-ROOSI7T2RO","pid":9028,"level":20,"msg":"Generator: tag","time":"2019-12-20T18:09:51.373Z","v":0}
{"name":"hexo","hostname":"USER-ROOSI7T2RO","pid":9028,"level":20,"msg":"Generator: asset","time":"2019-12-20T18:09:51.373Z","v":0}
{"name":"hexo","hostname":"USER-ROOSI7T2RO","pid":9028,"level":20,"msg":"Processed: _posts/Safe.md","time":"2019-12-20T18:09:51.442Z","v":0}
{"name":"hexo","hostname":"USER-ROOSI7T2RO","pid":9028,"level":20,"msg":"Generator: page","time":"2019-12-20T18:09:51.588Z","v":0}
{"name":"hexo","hostname":"USER-ROOSI7T2RO","pid":9028,"level":20,"msg":"Generator: post","time":"2019-12-20T18:09:51.588Z","v":0}
{"name":"hexo","hostname":"USER-ROOSI7T2RO","pid":9028,"level":20,"msg":"Generator: archive","time":"2019-12-20T18:09:51.589Z","v":0}
{"name":"hexo","hostname":"USER-ROOSI7T2RO","pid":9028,"level":20,"msg":"Generator: category","time":"2019-12-20T18:09:51.589Z","v":0}
{"name":"hexo","hostname":"USER-ROOSI7T2RO","pid":9028,"level":20,"msg":"Generator: index","time":"2019-12-20T18:09:51.589Z","v":0}
{"name":"hexo","hostname":"USER-ROOSI7T2RO","pid":9028,"level":20,"msg":"Generator: tag","time":"2019-12-20T18:09:51.589Z","v":0}
{"name":"hexo","hostname":"USER-ROOSI7T2RO","pid":9028,"level":20,"msg":"Generator: asset","time":"2019-12-20T18:09:51.589Z","v":0}
{"name":"hexo","hostname":"USER-ROOSI7T2RO","pid":9028,"level":20,"msg":"Rendering post: 2019/12/20/Safe/index.html","time":"2019-12-20T18:09:53.787Z","v":0}
{"name":"hexo","hostname":"USER-ROOSI7T2RO","pid":9028,"level":20,"msg":"Processed: _posts/Safe.md","time":"2019-12-20T18:12:34.467Z","v":0}
{"name":"hexo","hostname":"USER-ROOSI7T2RO","pid":9028,"level":20,"msg":"Generator: page","time":"2019-12-20T18:12:34.608Z","v":0}
{"name":"hexo","hostname":"USER-ROOSI7T2RO","pid":9028,"level":20,"msg":"Generator: post","time":"2019-12-20T18:12:34.608Z","v":0}
{"name":"hexo","hostname":"USER-ROOSI7T2RO","pid":9028,"level":20,"msg":"Generator: archive","time":"2019-12-20T18:12:34.608Z","v":0}
{"name":"hexo","hostname":"USER-ROOSI7T2RO","pid":9028,"level":20,"msg":"Generator: category","time":"2019-12-20T18:12:34.608Z","v":0}
{"name":"hexo","hostname":"USER-ROOSI7T2RO","pid":9028,"level":20,"msg":"Generator: index","time":"2019-12-20T18:12:34.608Z","v":0}
{"name":"hexo","hostname":"USER-ROOSI7T2RO","pid":9028,"level":20,"msg":"Generator: tag","time":"2019-12-20T18:12:34.608Z","v":0}
{"name":"hexo","hostname":"USER-ROOSI7T2RO","pid":9028,"level":20,"msg":"Generator: asset","time":"2019-12-20T18:12:34.609Z","v":0}
{"name":"hexo","hostname":"USER-ROOSI7T2RO","pid":9028,"level":20,"msg":"Processed: _posts/Safe.md","time":"2019-12-20T18:13:08.047Z","v":0}
{"name":"hexo","hostname":"USER-ROOSI7T2RO","pid":9028,"level":20,"msg":"Generator: page","time":"2019-12-20T18:13:08.201Z","v":0}
{"name":"hexo","hostname":"USER-ROOSI7T2RO","pid":9028,"level":20,"msg":"Generator: post","time":"2019-12-20T18:13:08.202Z","v":0}
{"name":"hexo","hostname":"USER-ROOSI7T2RO","pid":9028,"level":20,"msg":"Generator: archive","time":"2019-12-20T18:13:08.202Z","v":0}
{"name":"hexo","hostname":"USER-ROOSI7T2RO","pid":9028,"level":20,"msg":"Generator: category","time":"2019-12-20T18:13:08.202Z","v":0}
{"name":"hexo","hostname":"USER-ROOSI7T2RO","pid":9028,"level":20,"msg":"Generator: index","time":"2019-12-20T18:13:08.202Z","v":0}
{"name":"hexo","hostname":"USER-ROOSI7T2RO","pid":9028,"level":20,"msg":"Generator: tag","time":"2019-12-20T18:13:08.202Z","v":0}
{"name":"hexo","hostname":"USER-ROOSI7T2RO","pid":9028,"level":20,"msg":"Generator: asset","time":"2019-12-20T18:13:08.203Z","v":0}
{"name":"hexo","hostname":"USER-ROOSI7T2RO","pid":9028,"level":20,"msg":"Processed: _posts/Safe.md","time":"2019-12-20T18:13:37.819Z","v":0}
{"name":"hexo","hostname":"USER-ROOSI7T2RO","pid":9028,"level":20,"msg":"Generator: page","time":"2019-12-20T18:13:37.969Z","v":0}
{"name":"hexo","hostname":"USER-ROOSI7T2RO","pid":9028,"level":20,"msg":"Generator: post","time":"2019-12-20T18:13:37.969Z","v":0}
{"name":"hexo","hostname":"USER-ROOSI7T2RO","pid":9028,"level":20,"msg":"Generator: archive","time":"2019-12-20T18:13:37.969Z","v":0}
{"name":"hexo","hostname":"USER-ROOSI7T2RO","pid":9028,"level":20,"msg":"Generator: category","time":"2019-12-20T18:13:37.969Z","v":0}
{"name":"hexo","hostname":"USER-ROOSI7T2RO","pid":9028,"level":20,"msg":"Generator: index","time":"2019-12-20T18:13:37.969Z","v":0}
{"name":"hexo","hostname":"USER-ROOSI7T2RO","pid":9028,"level":20,"msg":"Generator: tag","time":"2019-12-20T18:13:37.969Z","v":0}
{"name":"hexo","hostname":"USER-ROOSI7T2RO","pid":9028,"level":20,"msg":"Generator: asset","time":"2019-12-20T18:13:37.970Z","v":0}
{"name":"hexo","hostname":"USER-ROOSI7T2RO","pid":9028,"level":20,"msg":"Processed: _posts/Safe.md","time":"2019-12-20T18:13:55.166Z","v":0}
{"name":"hexo","hostname":"USER-ROOSI7T2RO","pid":9028,"level":20,"msg":"Generator: page","time":"2019-12-20T18:13:55.307Z","v":0}
{"name":"hexo","hostname":"USER-ROOSI7T2RO","pid":9028,"level":20,"msg":"Generator: post","time":"2019-12-20T18:13:55.308Z","v":0}
{"name":"hexo","hostname":"USER-ROOSI7T2RO","pid":9028,"level":20,"msg":"Generator: archive","time":"2019-12-20T18:13:55.308Z","v":0}
{"name":"hexo","hostname":"USER-ROOSI7T2RO","pid":9028,"level":20,"msg":"Generator: category","time":"2019-12-20T18:13:55.308Z","v":0}
{"name":"hexo","hostname":"USER-ROOSI7T2RO","pid":9028,"level":20,"msg":"Generator: index","time":"2019-12-20T18:13:55.308Z","v":0}
{"name":"hexo","hostname":"USER-ROOSI7T2RO","pid":9028,"level":20,"msg":"Generator: tag","time":"2019-12-20T18:13:55.308Z","v":0}
{"name":"hexo","hostname":"USER-ROOSI7T2RO","pid":9028,"level":20,"msg":"Generator: asset","time":"2019-12-20T18:13:55.308Z","v":0}
{"name":"hexo","hostname":"USER-ROOSI7T2RO","pid":9028,"level":20,"msg":"Processed: _posts/Safe.md","time":"2019-12-20T18:14:26.176Z","v":0}
{"name":"hexo","hostname":"USER-ROOSI7T2RO","pid":9028,"level":20,"msg":"Generator: page","time":"2019-12-20T18:14:26.329Z","v":0}
{"name":"hexo","hostname":"USER-ROOSI7T2RO","pid":9028,"level":20,"msg":"Generator: post","time":"2019-12-20T18:14:26.329Z","v":0}
{"name":"hexo","hostname":"USER-ROOSI7T2RO","pid":9028,"level":20,"msg":"Generator: archive","time":"2019-12-20T18:14:26.329Z","v":0}
{"name":"hexo","hostname":"USER-ROOSI7T2RO","pid":9028,"level":20,"msg":"Generator: category","time":"2019-12-20T18:14:26.329Z","v":0}
{"name":"hexo","hostname":"USER-ROOSI7T2RO","pid":9028,"level":20,"msg":"Generator: index","time":"2019-12-20T18:14:26.329Z","v":0}
{"name":"hexo","hostname":"USER-ROOSI7T2RO","pid":9028,"level":20,"msg":"Generator: tag","time":"2019-12-20T18:14:26.330Z","v":0}
{"name":"hexo","hostname":"USER-ROOSI7T2RO","pid":9028,"level":20,"msg":"Generator: asset","time":"2019-12-20T18:14:26.330Z","v":0}
{"name":"hexo","hostname":"USER-ROOSI7T2RO","pid":9028,"level":20,"msg":"Processed: _posts/Safe.md","time":"2019-12-20T18:15:01.316Z","v":0}
{"name":"hexo","hostname":"USER-ROOSI7T2RO","pid":9028,"level":20,"msg":"Generator: page","time":"2019-12-20T18:15:01.463Z","v":0}
{"name":"hexo","hostname":"USER-ROOSI7T2RO","pid":9028,"level":20,"msg":"Generator: post","time":"2019-12-20T18:15:01.463Z","v":0}
{"name":"hexo","hostname":"USER-ROOSI7T2RO","pid":9028,"level":20,"msg":"Generator: archive","time":"2019-12-20T18:15:01.463Z","v":0}
{"name":"hexo","hostname":"USER-ROOSI7T2RO","pid":9028,"level":20,"msg":"Generator: category","time":"2019-12-20T18:15:01.463Z","v":0}
{"name":"hexo","hostname":"USER-ROOSI7T2RO","pid":9028,"level":20,"msg":"Generator: index","time":"2019-12-20T18:15:01.464Z","v":0}
{"name":"hexo","hostname":"USER-ROOSI7T2RO","pid":9028,"level":20,"msg":"Generator: tag","time":"2019-12-20T18:15:01.464Z","v":0}
{"name":"hexo","hostname":"USER-ROOSI7T2RO","pid":9028,"level":20,"msg":"Generator: asset","time":"2019-12-20T18:15:01.464Z","v":0}
{"name":"hexo","hostname":"USER-ROOSI7T2RO","pid":9028,"level":20,"msg":"Processed: _posts/Safe.md","time":"2019-12-20T18:15:01.523Z","v":0}
{"name":"hexo","hostname":"USER-ROOSI7T2RO","pid":9028,"level":20,"msg":"Generator: page","time":"2019-12-20T18:15:01.689Z","v":0}
{"name":"hexo","hostname":"USER-ROOSI7T2RO","pid":9028,"level":20,"msg":"Generator: post","time":"2019-12-20T18:15:01.689Z","v":0}
{"name":"hexo","hostname":"USER-ROOSI7T2RO","pid":9028,"level":20,"msg":"Generator: archive","time":"2019-12-20T18:15:01.689Z","v":0}
{"name":"hexo","hostname":"USER-ROOSI7T2RO","pid":9028,"level":20,"msg":"Generator: category","time":"2019-12-20T18:15:01.689Z","v":0}
{"name":"hexo","hostname":"USER-ROOSI7T2RO","pid":9028,"level":20,"msg":"Generator: index","time":"2019-12-20T18:15:01.690Z","v":0}
{"name":"hexo","hostname":"USER-ROOSI7T2RO","pid":9028,"level":20,"msg":"Generator: tag","time":"2019-12-20T18:15:01.690Z","v":0}
{"name":"hexo","hostname":"USER-ROOSI7T2RO","pid":9028,"level":20,"msg":"Generator: asset","time":"2019-12-20T18:15:01.690Z","v":0}
{"name":"hexo","hostname":"USER-ROOSI7T2RO","pid":9028,"level":20,"msg":"Rendering post: 2019/12/20/Safe/index.html","time":"2019-12-20T18:15:08.321Z","v":0}
{"name":"hexo","hostname":"USER-ROOSI7T2RO","pid":9028,"level":30,"msg":"See you again","time":"2019-12-20T18:15:48.705Z","v":0}
{"name":"hexo","hostname":"USER-ROOSI7T2RO","pid":9028,"level":20,"msg":"Database saved","time":"2019-12-20T18:15:48.797Z","v":0}
